[03:09:37] [ServerMain/INFO]: [bootstrap] Running Java 21 (OpenJDK 64-Bit Server VM 21.0.4+7-Ubuntu-1ubuntu224.04; Ubuntu null) on Linux 6.2.1-PRoot-Distro (aarch64)
[03:09:37] [ServerMain/INFO]: [bootstrap] Loading Paper 1.21-130-master@b1b5d4c (2024-08-10T10:02:42Z) for Minecraft 1.21
[03:09:38] [ServerMain/INFO]: [PluginInitializerManager] Initializing plugins...
[03:09:39] [ServerMain/INFO]: [PluginInitializerManager] Initialized 6 plugins
[03:09:39] [ServerMain/INFO]: [PluginInitializerManager] Bukkit plugins (6):
 - Chunky (1.4.10), DeathChest (2.2.7), Geyser-Spigot (2.4.3-SNAPSHOT), InstantRestock (2.4.3), SkinsRestorer (15.4.3), TreeFella (1.2)
[03:09:48] [ServerMain/INFO]: Environment: Environment[sessionHost=https://sessionserver.mojang.com, servicesHost=https://api.minecraftservices.com, name=PROD]
[03:09:52] [ServerMain/INFO]: Loaded 1290 recipes
[03:09:52] [ServerMain/INFO]: Loaded 1400 advancements
[03:09:53] [Server thread/INFO]: Starting minecraft server version 1.21
[03:09:53] [Server thread/WARN]: ****************************
[03:09:53] [Server thread/WARN]: YOU ARE RUNNING THIS SERVER AS AN ADMINISTRATIVE OR ROOT USER. THIS IS NOT ADVISED.
[03:09:53] [Server thread/WARN]: YOU ARE OPENING YOURSELF UP TO POTENTIAL RISKS WHEN DOING THIS.
[03:09:53] [Server thread/WARN]: FOR MORE INFORMATION, SEE https://madelinemiller.dev/blog/root-minecraft-server/
[03:09:53] [Server thread/WARN]: ****************************
[03:09:53] [Server thread/INFO]: Loading properties
[03:09:53] [Server thread/INFO]: This server is running Paper version 1.21-130-master@b1b5d4c (2024-08-10T10:02:42Z) (Implementing API version 1.21-R0.1-SNAPSHOT)
[03:09:54] [Server thread/INFO]: [spark] This server bundles the spark profiler. For more information please visit https://docs.papermc.io/paper/profiling
[03:09:54] [Server thread/INFO]: Server Ping Player Sample Count: 12
[03:09:54] [Server thread/INFO]: Using 4 threads for Netty based IO
[03:09:56] [Server thread/INFO]: [ChunkTaskScheduler] Chunk system is using 1 I/O threads, 1 worker threads, and population gen parallelism of 1 threads
[03:09:57] [Server thread/INFO]: Default game type: SURVIVAL
[03:09:57] [Server thread/INFO]: Generating keypair
[03:09:57] [Server thread/INFO]: Starting Minecraft server on *:25565
[03:09:57] [Server thread/INFO]: Using epoll channel type
[03:09:57] [Server thread/INFO]: Paper: Using libdeflate (Linux aarch64) compression from Velocity.
[03:09:57] [Server thread/INFO]: Paper: Using OpenSSL (Linux aarch64) cipher from Velocity.
[03:09:57] [Server thread/WARN]: [io.netty.util.internal.MacAddressUtil] Failed to find a usable hardware address from the network interfaces; using random bytes: ba:74:52:61:3b:15:3b:85
[03:09:57] [Server thread/INFO]: [SpigotLibraryLoader] [DeathChest] Loading 8 libraries... please wait
[03:09:59] [Server thread/INFO]: [SpigotLibraryLoader] [DeathChest] Loaded library /data/data/com.termux/files/home/mc/server/mc/libraries/org/apache/commons/commons-text/1.10.0/commons-text-1.10.0.jar
[03:09:59] [Server thread/INFO]: [SpigotLibraryLoader] [DeathChest] Loaded library /data/data/com.termux/files/home/mc/server/mc/libraries/org/apache/commons/commons-lang3/3.12.0/commons-lang3-3.12.0.jar
[03:09:59] [Server thread/INFO]: [SpigotLibraryLoader] [DeathChest] Loaded library /data/data/com.termux/files/home/mc/server/mc/libraries/com/google/inject/guice/7.0.0/guice-7.0.0.jar
[03:09:59] [Server thread/INFO]: [SpigotLibraryLoader] [DeathChest] Loaded library /data/data/com.termux/files/home/mc/server/mc/libraries/jakarta/inject/jakarta.inject-api/2.0.1/jakarta.inject-api-2.0.1.jar
[03:09:59] [Server thread/INFO]: [SpigotLibraryLoader] [DeathChest] Loaded library /data/data/com.termux/files/home/mc/server/mc/libraries/aopalliance/aopalliance/1.0/aopalliance-1.0.jar
[03:09:59] [Server thread/INFO]: [SpigotLibraryLoader] [DeathChest] Loaded library /data/data/com.termux/files/home/mc/server/mc/libraries/com/google/guava/guava/31.0.1-jre/guava-31.0.1-jre.jar
[03:09:59] [Server thread/INFO]: [SpigotLibraryLoader] [DeathChest] Loaded library /data/data/com.termux/files/home/mc/server/mc/libraries/com/google/guava/failureaccess/1.0.1/failureaccess-1.0.1.jar
[03:09:59] [Server thread/INFO]: [SpigotLibraryLoader] [DeathChest] Loaded library /data/data/com.termux/files/home/mc/server/mc/libraries/com/google/guava/listenablefuture/9999.0-empty-to-avoid-conflict-with-guava/listenablefuture-9999.0-empty-to-avoid-conflict-with-guava.jar
[03:09:59] [Server thread/INFO]: [SpigotLibraryLoader] [DeathChest] Loaded library /data/data/com.termux/files/home/mc/server/mc/libraries/com/google/code/findbugs/jsr305/3.0.2/jsr305-3.0.2.jar
[03:09:59] [Server thread/INFO]: [SpigotLibraryLoader] [DeathChest] Loaded library /data/data/com.termux/files/home/mc/server/mc/libraries/com/google/errorprone/error_prone_annotations/2.7.1/error_prone_annotations-2.7.1.jar
[03:09:59] [Server thread/INFO]: [SpigotLibraryLoader] [DeathChest] Loaded library /data/data/com.termux/files/home/mc/server/mc/libraries/com/google/j2objc/j2objc-annotations/1.3/j2objc-annotations-1.3.jar
[03:09:59] [Server thread/INFO]: [SpigotLibraryLoader] [DeathChest] Loaded library /data/data/com.termux/files/home/mc/server/mc/libraries/cloud/commandframework/cloud-core/1.7.1/cloud-core-1.7.1.jar
[03:09:59] [Server thread/INFO]: [SpigotLibraryLoader] [DeathChest] Loaded library /data/data/com.termux/files/home/mc/server/mc/libraries/cloud/commandframework/cloud-services/1.7.1/cloud-services-1.7.1.jar
[03:09:59] [Server thread/INFO]: [SpigotLibraryLoader] [DeathChest] Loaded library /data/data/com.termux/files/home/mc/server/mc/libraries/io/leangen/geantyref/geantyref/1.3.13/geantyref-1.3.13.jar
[03:09:59] [Server thread/INFO]: [SpigotLibraryLoader] [DeathChest] Loaded library /data/data/com.termux/files/home/mc/server/mc/libraries/org/checkerframework/checker-qual/3.22.1/checker-qual-3.22.1.jar
[03:09:59] [Server thread/INFO]: [SpigotLibraryLoader] [DeathChest] Loaded library /data/data/com.termux/files/home/mc/server/mc/libraries/org/apiguardian/apiguardian-api/1.1.2/apiguardian-api-1.1.2.jar
[03:09:59] [Server thread/INFO]: [SpigotLibraryLoader] [DeathChest] Loaded library /data/data/com.termux/files/home/mc/server/mc/libraries/cloud/commandframework/cloud-bukkit/1.7.1/cloud-bukkit-1.7.1.jar
[03:09:59] [Server thread/INFO]: [SpigotLibraryLoader] [DeathChest] Loaded library /data/data/com.termux/files/home/mc/server/mc/libraries/cloud/commandframework/cloud-brigadier/1.7.1/cloud-brigadier-1.7.1.jar
[03:09:59] [Server thread/INFO]: [SpigotLibraryLoader] [DeathChest] Loaded library /data/data/com.termux/files/home/mc/server/mc/libraries/cloud/commandframework/cloud-tasks/1.7.1/cloud-tasks-1.7.1.jar
[03:09:59] [Server thread/INFO]: [SpigotLibraryLoader] [DeathChest] Loaded library /data/data/com.termux/files/home/mc/server/mc/libraries/net/kyori/adventure-platform-bukkit/4.3.0/adventure-platform-bukkit-4.3.0.jar
[03:09:59] [Server thread/INFO]: [SpigotLibraryLoader] [DeathChest] Loaded library /data/data/com.termux/files/home/mc/server/mc/libraries/net/kyori/adventure-platform-api/4.3.0/adventure-platform-api-4.3.0.jar
[03:09:59] [Server thread/INFO]: [SpigotLibraryLoader] [DeathChest] Loaded library /data/data/com.termux/files/home/mc/server/mc/libraries/net/kyori/adventure-text-serializer-bungeecord/4.3.0/adventure-text-serializer-bungeecord-4.3.0.jar
[03:09:59] [Server thread/INFO]: [SpigotLibraryLoader] [DeathChest] Loaded library /data/data/com.termux/files/home/mc/server/mc/libraries/net/kyori/adventure-nbt/4.13.0/adventure-nbt-4.13.0.jar
[03:09:59] [Server thread/INFO]: [SpigotLibraryLoader] [DeathChest] Loaded library /data/data/com.termux/files/home/mc/server/mc/libraries/net/kyori/examination-api/1.3.0/examination-api-1.3.0.jar
[03:09:59] [Server thread/INFO]: [SpigotLibraryLoader] [DeathChest] Loaded library /data/data/com.termux/files/home/mc/server/mc/libraries/net/kyori/examination-string/1.3.0/examination-string-1.3.0.jar
[03:09:59] [Server thread/INFO]: [SpigotLibraryLoader] [DeathChest] Loaded library /data/data/com.termux/files/home/mc/server/mc/libraries/org/jetbrains/annotations/24.0.1/annotations-24.0.1.jar
[03:09:59] [Server thread/INFO]: [SpigotLibraryLoader] [DeathChest] Loaded library /data/data/com.termux/files/home/mc/server/mc/libraries/net/kyori/adventure-text-serializer-gson/4.13.0/adventure-text-serializer-gson-4.13.0.jar
[03:09:59] [Server thread/INFO]: [SpigotLibraryLoader] [DeathChest] Loaded library /data/data/com.termux/files/home/mc/server/mc/libraries/net/kyori/adventure-text-serializer-gson-legacy-impl/4.13.0/adventure-text-serializer-gson-legacy-impl-4.13.0.jar
[03:09:59] [Server thread/INFO]: [SpigotLibraryLoader] [DeathChest] Loaded library /data/data/com.termux/files/home/mc/server/mc/libraries/net/kyori/adventure-platform-facet/4.3.0/adventure-platform-facet-4.3.0.jar
[03:09:59] [Server thread/INFO]: [SpigotLibraryLoader] [DeathChest] Loaded library /data/data/com.termux/files/home/mc/server/mc/libraries/net/kyori/adventure-platform-viaversion/4.3.0/adventure-platform-viaversion-4.3.0.jar
[03:09:59] [Server thread/INFO]: [SpigotLibraryLoader] [DeathChest] Loaded library /data/data/com.termux/files/home/mc/server/mc/libraries/net/kyori/adventure-text-minimessage/4.14.0/adventure-text-minimessage-4.14.0.jar
[03:09:59] [Server thread/INFO]: [SpigotLibraryLoader] [DeathChest] Loaded library /data/data/com.termux/files/home/mc/server/mc/libraries/net/kyori/adventure-api/4.14.0/adventure-api-4.14.0.jar
[03:09:59] [Server thread/INFO]: [SpigotLibraryLoader] [DeathChest] Loaded library /data/data/com.termux/files/home/mc/server/mc/libraries/net/kyori/adventure-key/4.14.0/adventure-key-4.14.0.jar
[03:09:59] [Server thread/INFO]: [SpigotLibraryLoader] [DeathChest] Loaded library /data/data/com.termux/files/home/mc/server/mc/libraries/net/kyori/adventure-text-serializer-legacy/4.14.0/adventure-text-serializer-legacy-4.14.0.jar
[03:09:59] [Server thread/INFO]: [SpigotLibraryLoader] [DeathChest] Loaded library /data/data/com.termux/files/home/mc/server/mc/libraries/org/bstats/bstats-bukkit/3.0.2/bstats-bukkit-3.0.2.jar
[03:09:59] [Server thread/INFO]: [SpigotLibraryLoader] [DeathChest] Loaded library /data/data/com.termux/files/home/mc/server/mc/libraries/org/bstats/bstats-base/3.0.2/bstats-base-3.0.2.jar
[03:10:00] [Server thread/INFO]: [TreeFella] Loading server plugin TreeFella v1.2
[03:10:00] [Server thread/INFO]: [SkinsRestorer] Loading server plugin SkinsRestorer v15.4.3
[03:10:00] [Server thread/INFO]: [InstantRestock] Loading server plugin InstantRestock v2.4.3
[03:10:00] [Server thread/INFO]: [DeathChest] Loading server plugin DeathChest v2.2.7
[03:10:00] [Server thread/INFO]: [Chunky] Loading server plugin Chunky v1.4.10
[03:10:00] [Server thread/INFO]: [Geyser-Spigot] Loading server plugin Geyser-Spigot v2.4.3-SNAPSHOT
[03:10:07] [Server thread/INFO]: [Geyser-Spigot] Loading extensions...
[03:10:07] [Server thread/INFO]: [Geyser-Spigot] Loaded 0 extension(s)
[03:10:08] [Server thread/INFO]: Server permissions file permissions.yml is empty, ignoring it
[03:10:08] [Server thread/INFO]: [SkinsRestorer] Enabling SkinsRestorer v15.4.3
[03:10:10] [Server thread/WARN]: [SkinsRestorer] You must agree to the rules at 'commands.perSkinPermissionsConsent' in the config to use per skin permissions.
[03:10:12] [Server thread/INFO]: [SkinsRestorer] Running on Minecraft 1.21.0.
[03:10:16] [Server thread/INFO]: [SkinsRestorer] Using paper join listener!
[03:10:16] [Server thread/WARN]: **** SERVER IS RUNNING IN OFFLINE/INSECURE MODE!
[03:10:16] [Server thread/WARN]: The server will make no attempt to authenticate usernames. Beware.
[03:10:16] [Server thread/WARN]: While this makes the game possible to play without internet access, it also opens up the ability for hackers to connect with any username they choose.
[03:10:16] [Server thread/WARN]: To change this, set "online-mode" to "true" in the server.properties file.
[03:10:16] [Server thread/INFO]: Preparing level "world"
[03:10:16] [Folia Async Scheduler Thread #1/INFO]: [SkinsRestorer] ----------------------------------------------
[03:10:16] [Folia Async Scheduler Thread #1/INFO]: [SkinsRestorer]     +==================+
[03:10:16] [Folia Async Scheduler Thread #1/INFO]: [SkinsRestorer]     |   SkinsRestorer  |
[03:10:16] [Folia Async Scheduler Thread #1/INFO]: [SkinsRestorer]     |------------------|
[03:10:16] [Folia Async Scheduler Thread #1/INFO]: [SkinsRestorer]     |  Standalone Mode |
[03:10:16] [Folia Async Scheduler Thread #1/INFO]: [SkinsRestorer]     +==================+
[03:10:16] [Folia Async Scheduler Thread #1/INFO]: [SkinsRestorer] ----------------------------------------------
[03:10:16] [Folia Async Scheduler Thread #1/INFO]: [SkinsRestorer]     Version: 15.4.3
[03:10:16] [Folia Async Scheduler Thread #1/INFO]: [SkinsRestorer]     Commit: 4aa9140
[03:10:16] [Folia Async Scheduler Thread #1/INFO]: [SkinsRestorer]     This is the latest version!
[03:10:16] [Folia Async Scheduler Thread #1/INFO]: [SkinsRestorer] ----------------------------------------------
[03:10:16] [Folia Async Scheduler Thread #1/INFO]: [SkinsRestorer] Do you have issues? Read our troubleshooting guide: https://skinsrestorer.net/docs/troubleshooting
[03:10:16] [Folia Async Scheduler Thread #1/INFO]: [SkinsRestorer] Want to support SkinsRestorer? Consider donating: https://skinsrestorer.net/donate
[03:10:17] [Server thread/INFO]: Preparing start region for dimension minecraft:overworld
[03:10:20] [Server thread/INFO]: Time elapsed: 2286 ms
[03:10:20] [Server thread/INFO]: Preparing start region for dimension minecraft:the_nether
[03:10:21] [Server thread/INFO]: Time elapsed: 1087 ms
[03:10:21] [Server thread/INFO]: Preparing start region for dimension minecraft:the_end
[03:10:21] [Server thread/INFO]: Time elapsed: 258 ms
[03:10:21] [Server thread/INFO]: [TreeFella] Enabling TreeFella v1.2
[03:10:21] [Server thread/INFO]: [InstantRestock] Enabling InstantRestock v2.4.3
[03:10:26] [Server thread/INFO]: [DeathChest] Enabling DeathChest v2.2.7
[03:10:26] [Server thread/INFO]: [DeathChest] 0 death chests loaded in world "world"
[03:10:26] [Server thread/INFO]: [DeathChest]   Of these 0 have expired
[03:10:26] [Server thread/INFO]: [DeathChest] 0 death chests loaded in world "world_nether"
[03:10:26] [Server thread/INFO]: [DeathChest]   Of these 0 have expired
[03:10:26] [Server thread/INFO]: [DeathChest] 0 death chests loaded in world "world_the_end"
[03:10:26] [Server thread/INFO]: [DeathChest]   Of these 0 have expired
[03:10:27] [Server thread/INFO]: [Chunky] Enabling Chunky v1.4.10
[03:10:27] [Server thread/INFO]: [Geyser-Spigot] Enabling Geyser-Spigot v2.4.3-SNAPSHOT
[03:10:29] [Server thread/INFO]: [spark] Starting background profiler...
[03:10:30] [Server thread/INFO]: [Geyser-Spigot] ******************************************
[03:10:30] [Server thread/INFO]: [Geyser-Spigot] 
[03:10:30] [Server thread/INFO]: [Geyser-Spigot] Loading Geyser version 2.4.3-b689 (git-master-d64c0b3)
[03:10:30] [Server thread/INFO]: [Geyser-Spigot] 
[03:10:30] [Server thread/INFO]: [Geyser-Spigot] ******************************************
[03:10:59] [epollEventLoopGroup-3-1/INFO]: [Geyser-Spigot] Started Geyser on UDP port 19132
[03:10:59] [Server thread/INFO]: [Geyser-Spigot] Done (29.328s)! Run /geyser help for help!
[03:11:00] [Server thread/INFO]: Done preparing level "world" (43.933s)
[03:11:00] [Server thread/INFO]: Running delayed init tasks
[03:11:00] [Server thread/INFO]: Done (85.058s)! For help, type "help"
[03:11:00] [Server thread/INFO]: Timings Reset
[03:12:42] [Server thread/INFO]: Stopping server
[03:12:42] [Server thread/INFO]: [Geyser-Spigot] Disabling Geyser-Spigot v2.4.3-SNAPSHOT
[03:12:42] [Server thread/INFO]: [Geyser-Spigot] Shutting down Geyser.
[03:12:43] [Server thread/INFO]: [Geyser-Spigot] Geyser shutdown successfully.
[03:12:43] [Server thread/INFO]: [Chunky] Disabling Chunky v1.4.10
[03:12:43] [Server thread/INFO]: [DeathChest] Disabling DeathChest v2.2.7
[03:12:43] [Server thread/INFO]: [InstantRestock] Disabling InstantRestock v2.4.3
[03:12:43] [Server thread/INFO]: [SkinsRestorer] Disabling SkinsRestorer v15.4.3
[03:12:43] [Server thread/INFO]: [TreeFella] Disabling TreeFella v1.2
[03:12:43] [Server thread/INFO]: Saving players
[03:12:43] [Server thread/INFO]: Saving worlds
[03:12:43] [Server thread/INFO]: Saving chunks for level 'ServerLevel[world]'/minecraft:overworld
[03:12:43] [Server thread/INFO]: [ChunkHolderManager] Waiting 60s for chunk system to halt for world 'world'
[03:12:43] [Server thread/INFO]: [ChunkHolderManager] Halted chunk system for world 'world'
[03:12:43] [Server thread/INFO]: [ChunkHolderManager] Saving all chunkholders for world 'world'
[03:12:43] [Server thread/INFO]: [ChunkHolderManager] Saved 49 block chunks, 49 entity chunks, 0 poi chunks in world 'world' in 0.39s
[03:12:43] [Server thread/INFO]: Saving chunks for level 'ServerLevel[world_nether]'/minecraft:the_nether
[03:12:43] [Server thread/INFO]: [ChunkHolderManager] Waiting 60s for chunk system to halt for world 'world_nether'
[03:12:43] [Server thread/INFO]: [ChunkHolderManager] Halted chunk system for world 'world_nether'
[03:12:43] [Server thread/INFO]: [ChunkHolderManager] Saving all chunkholders for world 'world_nether'
[03:12:44] [Server thread/INFO]: [ChunkHolderManager] Saved 49 block chunks, 49 entity chunks, 0 poi chunks in world 'world_nether' in 0.28s
[03:12:44] [Server thread/INFO]: Saving chunks for level 'ServerLevel[world_the_end]'/minecraft:the_end
[03:12:44] [Server thread/INFO]: [ChunkHolderManager] Waiting 60s for chunk system to halt for world 'world_the_end'
[03:12:44] [Server thread/INFO]: [ChunkHolderManager] Halted chunk system for world 'world_the_end'
[03:12:44] [Server thread/INFO]: [ChunkHolderManager] Saving all chunkholders for world 'world_the_end'
[03:12:44] [Server thread/INFO]: [ChunkHolderManager] Saved 49 block chunks, 49 entity chunks, 0 poi chunks in world 'world_the_end' in 0.12s
[03:12:44] [Server thread/INFO]: ThreadedAnvilChunkStorage (world): All chunks are saved
[03:12:44] [Server thread/INFO]: ThreadedAnvilChunkStorage (DIM-1): All chunks are saved
[03:12:44] [Server thread/INFO]: ThreadedAnvilChunkStorage (DIM1): All chunks are saved
[03:12:44] [Server thread/INFO]: ThreadedAnvilChunkStorage: All dimensions are saved
